Using pre-set license
Built from '2021.3/staging' branch; Version is '2021.3.14f1 (eee1884e7226) revision 15655304'; Using compiler version '192829333'; Build Type 'Release'
OS: 'Windows 11  (10.0.22621) 64bit CoreSingleLanguage' Language: 'tr' Physical Memory: 7991 MB
BatchMode: 1, IsHumanControllingUs: 0, StartBugReporterOnCrash: 0, Is64bit: 1, IsPro: 1

COMMAND LINE ARGUMENTS:
C:\Program Files\Unity\Hub\Editor\2021.3.14f1\Editor\Unity.exe
-adb2
-batchMode
-noUpm
-name
AssetImportWorker0
-projectPath
C:/unityproject/ARDeneme
-logFile
Logs/AssetImportWorker0.log
-srvPort
49228
Successfully changed project path to: C:/unityproject/ARDeneme
C:/unityproject/ARDeneme
[UnityMemory] Configuration Parameters - Can be set up in boot.config
    "memorysetup-bucket-allocator-granularity=16"
    "memorysetup-bucket-allocator-bucket-count=8"
    "memorysetup-bucket-allocator-block-size=33554432"
    "memorysetup-bucket-allocator-block-count=8"
    "memorysetup-main-allocator-block-size=16777216"
    "memorysetup-thread-allocator-block-size=16777216"
    "memorysetup-gfx-main-allocator-block-size=16777216"
    "memorysetup-gfx-thread-allocator-block-size=16777216"
    "memorysetup-cache-allocator-block-size=4194304"
    "memorysetup-typetree-allocator-block-size=2097152"
    "memorysetup-profiler-bucket-allocator-granularity=16"
    "memorysetup-profiler-bucket-allocator-bucket-count=8"
    "memorysetup-profiler-bucket-allocator-block-size=33554432"
    "memorysetup-profiler-bucket-allocator-block-count=8"
    "memorysetup-profiler-allocator-block-size=16777216"
    "memorysetup-profiler-editor-allocator-block-size=1048576"
    "memorysetup-temp-allocator-size-main=16777216"
    "memorysetup-job-temp-allocator-block-size=2097152"
    "memorysetup-job-temp-allocator-block-size-background=1048576"
    "memorysetup-job-temp-allocator-reduction-small-platforms=262144"
    "memorysetup-temp-allocator-size-background-worker=32768"
    "memorysetup-temp-allocator-size-job-worker=262144"
    "memorysetup-temp-allocator-size-preload-manager=33554432"
    "memorysetup-temp-allocator-size-nav-mesh-worker=65536"
    "memorysetup-temp-allocator-size-audio-worker=65536"
    "memorysetup-temp-allocator-size-cloud-worker=32768"
    "memorysetup-temp-allocator-size-gi-baking-worker=262144"
    "memorysetup-temp-allocator-size-gfx=262144"
Refreshing native plugins compatible for Editor in 112.16 ms, found 10 plugins.
Preloading 0 native plugins for Editor in 0.00 ms.
Initialize engine version: 2021.3.14f1 (eee1884e7226)
[Subsystems] Discovering subsystems at path C:/Program Files/Unity/Hub/Editor/2021.3.14f1/Editor/Data/Resources/UnitySubsystems
[Subsystems] Discovering subsystems at path C:/unityproject/ARDeneme/Assets
GfxDevice: creating device client; threaded=0; jobified=0
Direct3D:
    Version:  Direct3D 11.0 [level 11.1]
    Renderer: Intel(R) Iris(R) Xe Graphics (ID=0x9a49)
    Vendor:   Intel
    VRAM:     3995 MB
    Driver:   31.0.101.3889
Initialize mono
Mono path[0] = 'C:/Program Files/Unity/Hub/Editor/2021.3.14f1/Editor/Data/Managed'
Mono path[1] = 'C:/Program Files/Unity/Hub/Editor/2021.3.14f1/Editor/Data/MonoBleedingEdge/lib/mono/unityjit-win32'
Mono config path = 'C:/Program Files/Unity/Hub/Editor/2021.3.14f1/Editor/Data/MonoBleedingEdge/etc'
Using monoOptions --debugger-agent=transport=dt_socket,embedding=1,server=y,suspend=n,address=127.0.0.1:56380
Begin MonoManager ReloadAssembly
Registering precompiled unity dll's ...
Register platform support module: C:/Program Files/Unity/Hub/Editor/2021.3.14f1/Editor/Data/PlaybackEngines/WebGLSupport/UnityEditor.WebGL.Extensions.dll
Register platform support module: C:/Program Files/Unity/Hub/Editor/2021.3.14f1/Editor/Data/PlaybackEngines/AndroidPlayer/UnityEditor.Android.Extensions.dll
Register platform support module: C:/Program Files/Unity/Hub/Editor/2021.3.14f1/Editor/Data/PlaybackEngines/iOSSupport/UnityEditor.iOS.Extensions.dll
Register platform support module: C:/Program Files/Unity/Hub/Editor/2021.3.14f1/Editor/Data/PlaybackEngines/WindowsStandaloneSupport/UnityEditor.WindowsStandalone.Extensions.dll
Registered in 0.013221 seconds.
Native extension for WindowsStandalone target not found
[usbmuxd] Start listen thread
[usbmuxd] Listen thread started
Native extension for iOS target not found
Native extension for Android target not found
Native extension for WebGL target not found
Refreshing native plugins compatible for Editor in 92.87 ms, found 10 plugins.
Preloading 0 native plugins for Editor in 0.00 ms.
Mono: successfully reloaded assembly
- Completed reload, in  0.717 seconds
Domain Reload Profiling:
	ReloadAssembly (717ms)
		BeginReloadAssembly (149ms)
			ExecutionOrderSort (0ms)
			DisableScriptedObjects (0ms)
			BackupInstance (0ms)
			ReleaseScriptingObjects (0ms)
			CreateAndSetChildDomain (1ms)
		EndReloadAssembly (460ms)
			LoadAssemblies (150ms)
			RebuildTransferFunctionScriptingTraits (0ms)
			SetupTypeCache (108ms)
			ReleaseScriptCaches (0ms)
			RebuildScriptCaches (23ms)
			SetupLoadedEditorAssemblies (277ms)
				LogAssemblyErrors (0ms)
				InitializePlatformSupportModulesInManaged (62ms)
				SetLoadedEditorAssemblies (0ms)
				RefreshPlugins (93ms)
				BeforeProcessingInitializeOnLoad (1ms)
				ProcessInitializeOnLoadAttributes (82ms)
				ProcessInitializeOnLoadMethodAttributes (39ms)
				AfterProcessingInitializeOnLoad (0ms)
				EditorAssembliesLoaded (0ms)
			ExecutionOrderSort2 (0ms)
			AwakeInstancesAfterBackupRestoration (0ms)
Platform modules already initialized, skipping
Registering precompiled user dll's ...
Registered in 0.007763 seconds.
Begin MonoManager ReloadAssembly
Symbol file LoadedFromMemory doesn't match image C:\unityproject\ARDeneme\Library\PackageCache\com.unity.visualscripting@1.7.8\Editor\VisualScripting.Core\Dependencies\DotNetZip\Unity.VisualScripting.IonicZip.dll
Symbol file LoadedFromMemory doesn't match image C:\unityproject\ARDeneme\Library\PackageCache\com.unity.visualscripting@1.7.8\Editor\VisualScripting.Core\Dependencies\YamlDotNet\Unity.VisualScripting.YamlDotNet.dll
Native extension for WindowsStandalone target not found
Native extension for iOS target not found
Native extension for Android target not found
Native extension for WebGL target not found
Refreshing native plugins compatible for Editor in 83.27 ms, found 10 plugins.
Preloading 0 native plugins for Editor in 0.00 ms.
Package Manager log level set to [2]
Mono: successfully reloaded assembly
- Completed reload, in  1.473 seconds
Domain Reload Profiling:
	ReloadAssembly (1474ms)
		BeginReloadAssembly (208ms)
			ExecutionOrderSort (0ms)
			DisableScriptedObjects (5ms)
			BackupInstance (0ms)
			ReleaseScriptingObjects (0ms)
			CreateAndSetChildDomain (122ms)
		EndReloadAssembly (1156ms)
			LoadAssemblies (260ms)
			RebuildTransferFunctionScriptingTraits (0ms)
			SetupTypeCache (274ms)
			ReleaseScriptCaches (2ms)
			RebuildScriptCaches (58ms)
			SetupLoadedEditorAssemblies (524ms)
				LogAssemblyErrors (0ms)
				InitializePlatformSupportModulesInManaged (25ms)
				SetLoadedEditorAssemblies (0ms)
				RefreshPlugins (83ms)
				BeforeProcessingInitializeOnLoad (99ms)
				ProcessInitializeOnLoadAttributes (283ms)
				ProcessInitializeOnLoadMethodAttributes (27ms)
				AfterProcessingInitializeOnLoad (6ms)
				EditorAssembliesLoaded (0ms)
			ExecutionOrderSort2 (0ms)
			AwakeInstancesAfterBackupRestoration (5ms)
Platform modules already initialized, skipping
========================================================================
Worker process is ready to serve import requests
Launched and connected shader compiler UnityShaderCompiler.exe after 0.04 seconds
Refreshing native plugins compatible for Editor in 1.38 ms, found 10 plugins.
Preloading 0 native plugins for Editor in 0.00 ms.
Unloading 4525 Unused Serialized files (Serialized files now loaded: 0)
Unloading 56 unused Assets / (163.6 KB). Loaded Objects now: 4961.
Memory consumption went from 154.6 MB to 154.5 MB.
Total: 4.724000 ms (FindLiveObjects: 0.386400 ms CreateObjectMapping: 0.186800 ms MarkObjects: 3.997700 ms  DeleteObjects: 0.150900 ms)

AssetImportParameters requested are different than current active one (requested -> active):
  custom:video-decoder-ogg-theora: a1e56fd34408186e4bbccfd4996cb3dc -> 
  custom:container-muxer-webm: aa71ff27fc2769a1b78a27578f13a17b -> 
  custom:container-demuxer-webm: 4f35f7cbe854078d1ac9338744f61a02 -> 
  custom:video-encoder-webm-vp8: eb34c28f22e8b96e1ab97ce403110664 -> 
  custom:video-codec-MediaFoundation-h265: 746d11721c4dcdbdad8f713fa42b33f4 -> 
  custom:audio-encoder-webm-vorbis: bf7c407c2cedff20999df2af8eb42d56 -> 
  custom:framework-win-MediaFoundation: 216162199b28c13a410421893ffa2e32 -> 
  custom:container-demuxer-ogg: 62fdf1f143b41e24485cea50d1cbac27 -> 
  custom:video-decoder-webm-vp8: 9c59270c3fd7afecdb556c50c9e8de78 -> 
  custom:audio-decoder-ogg-vorbis: bf7c407c2cedff20999df2af8eb42d56 -> 
========================================================================
Received Import Request.
  Time since last request: 1580710.410427 seconds.
  path: Assets/chair_3.FBX
  artifactKey: Guid(f93e0d31b4842884cb5acfeceb7f9d12) Importer(815301076,1909f56bfc062723c751e8b465ee728b)
Start importing Assets/chair_3.FBX using Guid(f93e0d31b4842884cb5acfeceb7f9d12) Importer(815301076,1909f56bfc062723c751e8b465ee728b)  -> (artifact id: '3ba0e52a1c0bdc799b4476c5103f069e') in 0.250011 seconds 
========================================================================
Received Import Request.
  Time since last request: 10.670061 seconds.
  path: Assets/Furniture
  artifactKey: Guid(bf5f60adb481dc6439e004f16978bb11) Importer(815301076,1909f56bfc062723c751e8b465ee728b)
Start importing Assets/Furniture using Guid(bf5f60adb481dc6439e004f16978bb11) Importer(815301076,1909f56bfc062723c751e8b465ee728b)  -> (artifact id: '717c2e07edcc1814c2ba47aa5cb452e6') in 0.009344 seconds 
========================================================================
Received Import Request.
  Time since last request: 352.792949 seconds.
  path: Assets/Furniture/rack_1.FBX
  artifactKey: Guid(f5d27c4c475e0a94b827e3664fe59aaf) Importer(815301076,1909f56bfc062723c751e8b465ee728b)
Start importing Assets/Furniture/rack_1.FBX using Guid(f5d27c4c475e0a94b827e3664fe59aaf) Importer(815301076,1909f56bfc062723c751e8b465ee728b)  -> (artifact id: '1b6c6e591a43357ab90c944bf9ae4c62') in 0.053292 seconds 
========================================================================
Received Import Request.
  Time since last request: 352.116803 seconds.
  path: Assets/Furniture/teklikoltuk.FBX
  artifactKey: Guid(f93e0d31b4842884cb5acfeceb7f9d12) Importer(815301076,1909f56bfc062723c751e8b465ee728b)
Start importing Assets/Furniture/teklikoltuk.FBX using Guid(f93e0d31b4842884cb5acfeceb7f9d12) Importer(815301076,1909f56bfc062723c751e8b465ee728b)  -> (artifact id: '99bb6cf78684c49dd971b6649bb09dbf') in 0.099317 seconds 
========================================================================
Received Import Request.
  Time since last request: 31.450952 seconds.
  path: Assets/Furniture/kitaplık.FBX
  artifactKey: Guid(f5d27c4c475e0a94b827e3664fe59aaf) Importer(815301076,1909f56bfc062723c751e8b465ee728b)
Start importing Assets/Furniture/kitaplık.FBX using Guid(f5d27c4c475e0a94b827e3664fe59aaf) Importer(815301076,1909f56bfc062723c751e8b465ee728b)  -> (artifact id: 'ab945a1b1728d0416bbb05c457015a05') in 0.038339 seconds 
========================================================================
Received Import Request.
  Time since last request: 407.951795 seconds.
  path: Assets/Furniture/coffee_table_1.FBX
  artifactKey: Guid(b5333e08db5c9cd4a9b01e1fe8041dc0) Importer(815301076,1909f56bfc062723c751e8b465ee728b)
Start importing Assets/Furniture/coffee_table_1.FBX using Guid(b5333e08db5c9cd4a9b01e1fe8041dc0) Importer(815301076,1909f56bfc062723c751e8b465ee728b)  -> (artifact id: '1a4dbe9b9c489901bee4e9ae2ae8a86f') in 0.051500 seconds 
========================================================================
Received Import Request.
  Time since last request: 9.515134 seconds.
  path: Assets/Furniture/masa.FBX
  artifactKey: Guid(b5333e08db5c9cd4a9b01e1fe8041dc0) Importer(815301076,1909f56bfc062723c751e8b465ee728b)
Start importing Assets/Furniture/masa.FBX using Guid(b5333e08db5c9cd4a9b01e1fe8041dc0) Importer(815301076,1909f56bfc062723c751e8b465ee728b)  -> (artifact id: '174d48f425263f88fe9ce0277b3a0341') in 0.055532 seconds 
========================================================================
Received Import Request.
  Time since last request: 247.911992 seconds.
  path: Assets/Furniture/Materials
  artifactKey: Guid(0fe1de195c565154784fb9215acdc078) Importer(815301076,1909f56bfc062723c751e8b465ee728b)
Start importing Assets/Furniture/Materials using Guid(0fe1de195c565154784fb9215acdc078) Importer(815301076,1909f56bfc062723c751e8b465ee728b)  -> (artifact id: 'e4f7d6d75cb753cf636b927b008968f8') in 0.006578 seconds 
========================================================================
Received Import Request.
  Time since last request: 0.028193 seconds.
  path: Assets/Furniture/Materials/base_material 2.mat
  artifactKey: Guid(e2ff4118305d11c41bb216685380c6ab) Importer(815301076,1909f56bfc062723c751e8b465ee728b)
Start importing Assets/Furniture/Materials/base_material 2.mat using Guid(e2ff4118305d11c41bb216685380c6ab) Importer(815301076,1909f56bfc062723c751e8b465ee728b)  -> (artifact id: 'a1022e8a2f1723ed06d107fc3852d841') in 0.027548 seconds 
========================================================================
Received Import Request.
  Time since last request: 0.000033 seconds.
  path: Assets/Furniture/Materials/cloth_4.mat
  artifactKey: Guid(b5ded758bc8effe4a8fca6adf3012a5a) Importer(815301076,1909f56bfc062723c751e8b465ee728b)
Start importing Assets/Furniture/Materials/cloth_4.mat using Guid(b5ded758bc8effe4a8fca6adf3012a5a) Importer(815301076,1909f56bfc062723c751e8b465ee728b)  -> (artifact id: '96ab02d38de0e5679245d8e10499d9f4') in 0.025899 seconds 
========================================================================
Received Import Request.
  Time since last request: 0.000050 seconds.
  path: Assets/Furniture/Materials/wood_3.mat
  artifactKey: Guid(9a21eb46837654f4f84d01d31001741d) Importer(815301076,1909f56bfc062723c751e8b465ee728b)
Start importing Assets/Furniture/Materials/wood_3.mat using Guid(9a21eb46837654f4f84d01d31001741d) Importer(815301076,1909f56bfc062723c751e8b465ee728b)  -> (artifact id: 'ad524b1e82e3a7dc8be9e5e943d43293') in 0.024661 seconds 
========================================================================
Received Import Request.
  Time since last request: 0.000036 seconds.
  path: Assets/Furniture/Materials/wood_1.mat
  artifactKey: Guid(888daeabd7af8694783c9a32a9ca19d2) Importer(815301076,1909f56bfc062723c751e8b465ee728b)
Start importing Assets/Furniture/Materials/wood_1.mat using Guid(888daeabd7af8694783c9a32a9ca19d2) Importer(815301076,1909f56bfc062723c751e8b465ee728b)  -> (artifact id: '0a6723bf7acf8dcf51cc99bd76d72824') in 0.025857 seconds 
========================================================================
Received Import Request.
  Time since last request: 0.000055 seconds.
  path: Assets/Furniture/Materials/cloth_1.mat
  artifactKey: Guid(3ce1607272ebf6f409222542a2548d9a) Importer(815301076,1909f56bfc062723c751e8b465ee728b)
Start importing Assets/Furniture/Materials/cloth_1.mat using Guid(3ce1607272ebf6f409222542a2548d9a) Importer(815301076,1909f56bfc062723c751e8b465ee728b)  -> (artifact id: '7255c6955cf8cf5afba325f335b5c859') in 0.025583 seconds 
========================================================================
Received Import Request.
  Time since last request: 0.000029 seconds.
  path: Assets/Furniture/Materials/wood_2.mat
  artifactKey: Guid(9ef60bdc624a1594e89bdc4d48adc8da) Importer(815301076,1909f56bfc062723c751e8b465ee728b)
Start importing Assets/Furniture/Materials/wood_2.mat using Guid(9ef60bdc624a1594e89bdc4d48adc8da) Importer(815301076,1909f56bfc062723c751e8b465ee728b)  -> (artifact id: '255100c8c218b3e1452c7f1be793ef33') in 0.017928 seconds 
========================================================================
Received Import Request.
  Time since last request: 0.000039 seconds.
  path: Assets/Furniture/Materials/cloth_2.mat
  artifactKey: Guid(175c48b70a024c3478904cbd8e8be5f1) Importer(815301076,1909f56bfc062723c751e8b465ee728b)
Start importing Assets/Furniture/Materials/cloth_2.mat using Guid(175c48b70a024c3478904cbd8e8be5f1) Importer(815301076,1909f56bfc062723c751e8b465ee728b)  -> (artifact id: '2a4dea358cd03ea68c45a5ba65c8d05d') in 0.022729 seconds 
========================================================================
Received Import Request.
  Time since last request: 0.000044 seconds.
  path: Assets/Furniture/Materials/floor.mat
  artifactKey: Guid(4b0cad466fb77ed4981710d807cf7ce8) Importer(815301076,1909f56bfc062723c751e8b465ee728b)
Start importing Assets/Furniture/Materials/floor.mat using Guid(4b0cad466fb77ed4981710d807cf7ce8) Importer(815301076,1909f56bfc062723c751e8b465ee728b)  -> (artifact id: '8c39ce7e7c67c68acba998e825b91edb') in 0.021529 seconds 
========================================================================
Received Import Request.
  Time since last request: 0.000044 seconds.
  path: Assets/Furniture/Materials/wood_4.mat
  artifactKey: Guid(6a76e7af6b1ec1147a48ad88ee029051) Importer(815301076,1909f56bfc062723c751e8b465ee728b)
Start importing Assets/Furniture/Materials/wood_4.mat using Guid(6a76e7af6b1ec1147a48ad88ee029051) Importer(815301076,1909f56bfc062723c751e8b465ee728b)  -> (artifact id: '6c12f529038e713800f5528de725acc3') in 0.023326 seconds 
========================================================================
Received Import Request.
  Time since last request: 0.000031 seconds.
  path: Assets/Furniture/Materials/cloth_3.mat
  artifactKey: Guid(1a44110be72ce9e4bbf38a866d859da0) Importer(815301076,1909f56bfc062723c751e8b465ee728b)
Start importing Assets/Furniture/Materials/cloth_3.mat using Guid(1a44110be72ce9e4bbf38a866d859da0) Importer(815301076,1909f56bfc062723c751e8b465ee728b)  -> (artifact id: 'de42c6092bf0152732acf2911dc008b5') in 0.022307 seconds 
========================================================================
Received Import Request.
  Time since last request: 87.727222 seconds.
  path: Assets/Furniture/materials.unitypackage
  artifactKey: Guid(a5a10e80c05f97b4294f4007b311e7a9) Importer(815301076,1909f56bfc062723c751e8b465ee728b)
Start importing Assets/Furniture/materials.unitypackage using Guid(a5a10e80c05f97b4294f4007b311e7a9) Importer(815301076,1909f56bfc062723c751e8b465ee728b)  -> (artifact id: 'ac4c390b844d95aada545a7849d81b59') in 0.032744 seconds 
========================================================================
Received Import Request.
  Time since last request: 152.282337 seconds.
  path: Assets/BigFurniturePack
  artifactKey: Guid(18c2a6dd73ff6e14baa68887af418f71) Importer(815301076,1909f56bfc062723c751e8b465ee728b)
Start importing Assets/BigFurniturePack using Guid(18c2a6dd73ff6e14baa68887af418f71) Importer(815301076,1909f56bfc062723c751e8b465ee728b)  -> (artifact id: 'b0f63483fa9a758a8b0ce8e837f8fb0c') in 0.016890 seconds 
========================================================================
Received Import Request.
  Time since last request: 1.997269 seconds.
  path: Assets/BigFurniturePack/Models
  artifactKey: Guid(aefa41deb88c0be40b558eafc8c5cd8d) Importer(815301076,1909f56bfc062723c751e8b465ee728b)
Start importing Assets/BigFurniturePack/Models using Guid(aefa41deb88c0be40b558eafc8c5cd8d) Importer(815301076,1909f56bfc062723c751e8b465ee728b)  -> (artifact id: '0b2db44a2d5664135aebadc9f1d9502e') in 0.015433 seconds 
========================================================================
Received Import Request.
  Time since last request: 3.348575 seconds.
  path: Assets/BigFurniturePack/Models/Materials
  artifactKey: Guid(55714643bea876344a15a8af689d9b7c) Importer(815301076,1909f56bfc062723c751e8b465ee728b)
Start importing Assets/BigFurniturePack/Models/Materials using Guid(55714643bea876344a15a8af689d9b7c) Importer(815301076,1909f56bfc062723c751e8b465ee728b)  -> (artifact id: '5c4e3ce0ea46eac02a043ee4831e67ee') in 0.002412 seconds 
========================================================================
Received Import Request.
  Time since last request: 3.115013 seconds.
  path: Assets/BigFurniturePack/Textures/cloth_1.jpg
  artifactKey: Guid(db4265b11df6af1438db306cd16c60ee) Importer(815301076,1909f56bfc062723c751e8b465ee728b)
Start importing Assets/BigFurniturePack/Textures/cloth_1.jpg using Guid(db4265b11df6af1438db306cd16c60ee) Importer(815301076,1909f56bfc062723c751e8b465ee728b)  -> (artifact id: 'e7ceb32f7ea111a9dc7c4e7d64eae1ca') in 0.310978 seconds 
========================================================================
Received Import Request.
  Time since last request: 0.000047 seconds.
  path: Assets/BigFurniturePack/Textures/cloth_4.jpg
  artifactKey: Guid(8742cf5389ec13846ae404783db50532) Importer(815301076,1909f56bfc062723c751e8b465ee728b)
Start importing Assets/BigFurniturePack/Textures/cloth_4.jpg using Guid(8742cf5389ec13846ae404783db50532) Importer(815301076,1909f56bfc062723c751e8b465ee728b)  -> (artifact id: 'c20b2f27498319876a43a96a2dac1db3') in 0.037013 seconds 
========================================================================
Received Import Request.
  Time since last request: 61.929687 seconds.
  path: Assets/BigFurniturePack/Textures
  artifactKey: Guid(925d75f5b6f674c42b2256b342c6e21a) Importer(815301076,1909f56bfc062723c751e8b465ee728b)
Start importing Assets/BigFurniturePack/Textures using Guid(925d75f5b6f674c42b2256b342c6e21a) Importer(815301076,1909f56bfc062723c751e8b465ee728b)  -> (artifact id: '9c0328f61d2b57c5785532bf01dc72d3') in 0.013879 seconds 
========================================================================
Received Import Request.
  Time since last request: 14.286545 seconds.
  path: Assets/IçindeMaterialsVar
  artifactKey: Guid(18c2a6dd73ff6e14baa68887af418f71) Importer(815301076,1909f56bfc062723c751e8b465ee728b)
Start importing Assets/IçindeMaterialsVar using Guid(18c2a6dd73ff6e14baa68887af418f71) Importer(815301076,1909f56bfc062723c751e8b465ee728b)  -> (artifact id: '7fde4e30f22c6b42d6e95360078bdc70') in 0.013911 seconds 
========================================================================
Received Import Request.
  Time since last request: 10.010726 seconds.
  path: Assets/ExampleAssets
  artifactKey: Guid(5040ff35809714c9f899bd2e7ae0f30a) Importer(815301076,1909f56bfc062723c751e8b465ee728b)
Start importing Assets/ExampleAssets using Guid(5040ff35809714c9f899bd2e7ae0f30a) Importer(815301076,1909f56bfc062723c751e8b465ee728b)  -> (artifact id: 'ddad5bf02daeceb3ddb6a87dbbbe33f5') in 0.016081 seconds 
========================================================================
Received Import Request.
  Time since last request: 1.664149 seconds.
  path: Assets/ExampleAssets/Materials
  artifactKey: Guid(0a1aa25d695ea4175bf4920feb2742e1) Importer(815301076,1909f56bfc062723c751e8b465ee728b)
Start importing Assets/ExampleAssets/Materials using Guid(0a1aa25d695ea4175bf4920feb2742e1) Importer(815301076,1909f56bfc062723c751e8b465ee728b)  -> (artifact id: 'be34a0ae206bffe6ce2715de6cb8a15f') in 0.004681 seconds 
========================================================================
Received Import Request.
  Time since last request: 0.096732 seconds.
  path: Assets/ExampleAssets/Materials/PlacedCubeMat.mat
  artifactKey: Guid(0ce7ca15cd93341beb67396a494cef55) Importer(815301076,1909f56bfc062723c751e8b465ee728b)
Start importing Assets/ExampleAssets/Materials/PlacedCubeMat.mat using Guid(0ce7ca15cd93341beb67396a494cef55) Importer(815301076,1909f56bfc062723c751e8b465ee728b)  -> (artifact id: 'b8b5d7a864ca9772dbdd93ff75c29714') in 0.023485 seconds 
========================================================================
Received Import Request.
  Time since last request: 3.645402 seconds.
  path: Assets/ExampleAssets/Scenes
  artifactKey: Guid(4e7f5acf46ddb42618485f6adf8af0c7) Importer(815301076,1909f56bfc062723c751e8b465ee728b)
Start importing Assets/ExampleAssets/Scenes using Guid(4e7f5acf46ddb42618485f6adf8af0c7) Importer(815301076,1909f56bfc062723c751e8b465ee728b)  -> (artifact id: '17cfdbe165ff54a033bcfb67827a7afc') in 0.015494 seconds 
========================================================================
Received Import Request.
  Time since last request: 0.758383 seconds.
  path: Assets/ExampleAssets/Scripts
  artifactKey: Guid(b7dc6893b21fb45f1b98fce4a2e373f4) Importer(815301076,1909f56bfc062723c751e8b465ee728b)
Start importing Assets/ExampleAssets/Scripts using Guid(b7dc6893b21fb45f1b98fce4a2e373f4) Importer(815301076,1909f56bfc062723c751e8b465ee728b)  -> (artifact id: '4954b716eea28b2d97b6bd6cb868cb44') in 0.014350 seconds 
========================================================================
Received Import Request.
  Time since last request: 3.293458 seconds.
  path: Assets/ExampleAssets/Textures
  artifactKey: Guid(2aab7ef822b354523935cb8a8fdb23fc) Importer(815301076,1909f56bfc062723c751e8b465ee728b)
Start importing Assets/ExampleAssets/Textures using Guid(2aab7ef822b354523935cb8a8fdb23fc) Importer(815301076,1909f56bfc062723c751e8b465ee728b)  -> (artifact id: '5d7133f29f10ad743b8a7176a217b558') in 0.003321 seconds 
========================================================================
Received Import Request.
  Time since last request: 0.058408 seconds.
  path: Assets/ExampleAssets/Textures/PlanePatternDot.png
  artifactKey: Guid(af6bcea09b8134831b6599e2900aef81) Importer(815301076,1909f56bfc062723c751e8b465ee728b)
Start importing Assets/ExampleAssets/Textures/PlanePatternDot.png using Guid(af6bcea09b8134831b6599e2900aef81) Importer(815301076,1909f56bfc062723c751e8b465ee728b)  -> (artifact id: '74044aa86b4680f1c84d1ee6e9310bd0') in 0.028244 seconds 
========================================================================
Received Prepare
Registering precompiled user dll's ...
Registered in 0.006692 seconds.
Begin MonoManager ReloadAssembly
Symbol file LoadedFromMemory doesn't match image C:\unityproject\ARDeneme\Library\PackageCache\com.unity.visualscripting@1.7.8\Editor\VisualScripting.Core\Dependencies\DotNetZip\Unity.VisualScripting.IonicZip.dll
Symbol file LoadedFromMemory doesn't match image C:\unityproject\ARDeneme\Library\PackageCache\com.unity.visualscripting@1.7.8\Editor\VisualScripting.Core\Dependencies\YamlDotNet\Unity.VisualScripting.YamlDotNet.dll
Native extension for WindowsStandalone target not found
Native extension for iOS target not found
Native extension for Android target not found
Native extension for WebGL target not found
Refreshing native plugins compatible for Editor in 1.59 ms, found 10 plugins.
Preloading 0 native plugins for Editor in 0.00 ms.
Mono: successfully reloaded assembly
- Completed reload, in  2.115 seconds
Domain Reload Profiling:
	ReloadAssembly (2117ms)
		BeginReloadAssembly (828ms)
			ExecutionOrderSort (0ms)
			DisableScriptedObjects (34ms)
			BackupInstance (0ms)
			ReleaseScriptingObjects (0ms)
			CreateAndSetChildDomain (356ms)
		EndReloadAssembly (1156ms)
			LoadAssemblies (308ms)
			RebuildTransferFunctionScriptingTraits (0ms)
			SetupTypeCache (409ms)
			ReleaseScriptCaches (2ms)
			RebuildScriptCaches (48ms)
			SetupLoadedEditorAssemblies (481ms)
				LogAssemblyErrors (0ms)
				InitializePlatformSupportModulesInManaged (44ms)
				SetLoadedEditorAssemblies (2ms)
				RefreshPlugins (2ms)
				BeforeProcessingInitializeOnLoad (90ms)
				ProcessInitializeOnLoadAttributes (300ms)
				ProcessInitializeOnLoadMethodAttributes (35ms)
				AfterProcessingInitializeOnLoad (7ms)
				EditorAssembliesLoaded (1ms)
			ExecutionOrderSort2 (0ms)
			AwakeInstancesAfterBackupRestoration (7ms)
Platform modules already initialized, skipping
Refreshing native plugins compatible for Editor in 17.44 ms, found 10 plugins.
Preloading 0 native plugins for Editor in 0.00 ms.
Unloading 4503 Unused Serialized files (Serialized files now loaded: 0)
Unloading 48 unused Assets / (130.0 KB). Loaded Objects now: 5010.
Memory consumption went from 159.5 MB to 159.4 MB.
Total: 5.488600 ms (FindLiveObjects: 0.594300 ms CreateObjectMapping: 0.393500 ms MarkObjects: 4.366100 ms  DeleteObjects: 0.132900 ms)

AssetImportParameters requested are different than current active one (requested -> active):
  custom:video-decoder-ogg-theora: a1e56fd34408186e4bbccfd4996cb3dc -> 
  custom:container-muxer-webm: aa71ff27fc2769a1b78a27578f13a17b -> 
  custom:container-demuxer-webm: 4f35f7cbe854078d1ac9338744f61a02 -> 
  custom:video-encoder-webm-vp8: eb34c28f22e8b96e1ab97ce403110664 -> 
  custom:video-codec-MediaFoundation-h265: 746d11721c4dcdbdad8f713fa42b33f4 -> 
  custom:audio-encoder-webm-vorbis: bf7c407c2cedff20999df2af8eb42d56 -> 
  custom:framework-win-MediaFoundation: 216162199b28c13a410421893ffa2e32 -> 
  custom:container-demuxer-ogg: 62fdf1f143b41e24485cea50d1cbac27 -> 
  custom:video-decoder-webm-vp8: 9c59270c3fd7afecdb556c50c9e8de78 -> 
  custom:audio-decoder-ogg-vorbis: bf7c407c2cedff20999df2af8eb42d56 -> 
========================================================================
Received Import Request.
  Time since last request: 22.246774 seconds.
  path: Assets/Scenes/BlankAR.unity
  artifactKey: Guid(6bdce89659816455b9f906fc62d19910) Importer(815301076,1909f56bfc062723c751e8b465ee728b)
Start importing Assets/Scenes/BlankAR.unity using Guid(6bdce89659816455b9f906fc62d19910) Importer(815301076,1909f56bfc062723c751e8b465ee728b)  -> (artifact id: 'feb644538c24f2d268aa45781cc582b4') in 0.016698 seconds 
========================================================================
Received Import Request.
  Time since last request: 77.340519 seconds.
  path: Assets/Plugins
  artifactKey: Guid(a3397ca59aa2845d9b6915a23e597665) Importer(815301076,1909f56bfc062723c751e8b465ee728b)
Start importing Assets/Plugins using Guid(a3397ca59aa2845d9b6915a23e597665) Importer(815301076,1909f56bfc062723c751e8b465ee728b)  -> (artifact id: '2bca85a78a6452f9b56bfaa3bc4c15f3') in 0.020015 seconds 
========================================================================
Received Import Request.
  Time since last request: 1.095422 seconds.
  path: Assets/Plugins/Lumin
  artifactKey: Guid(cad683986090940a0a1c2d431af3ad9c) Importer(815301076,1909f56bfc062723c751e8b465ee728b)
Start importing Assets/Plugins/Lumin using Guid(cad683986090940a0a1c2d431af3ad9c) Importer(815301076,1909f56bfc062723c751e8b465ee728b)  -> (artifact id: '075a999d6995a5632f6ef62ab4e4f880') in 0.013673 seconds 
========================================================================
Received Import Request.
  Time since last request: 0.038013 seconds.
  path: Assets/Plugins/Lumin/MagicLeapManifestSettings.asset
  artifactKey: Guid(dd3d17bef5f974d19ae58a5a69c484fd) Importer(815301076,1909f56bfc062723c751e8b465ee728b)
Start importing Assets/Plugins/Lumin/MagicLeapManifestSettings.asset using Guid(dd3d17bef5f974d19ae58a5a69c484fd) Importer(815301076,1909f56bfc062723c751e8b465ee728b)  -> (artifact id: '9f2aebe8b4e8ab478ef0cf8959f1d02b') in 0.043705 seconds 
========================================================================
Received Prepare
Registering precompiled user dll's ...
Registered in 0.009270 seconds.
Begin MonoManager ReloadAssembly
Symbol file LoadedFromMemory doesn't match image C:\unityproject\ARDeneme\Library\PackageCache\com.unity.visualscripting@1.7.8\Editor\VisualScripting.Core\Dependencies\DotNetZip\Unity.VisualScripting.IonicZip.dll
Symbol file LoadedFromMemory doesn't match image C:\unityproject\ARDeneme\Library\PackageCache\com.unity.visualscripting@1.7.8\Editor\VisualScripting.Core\Dependencies\YamlDotNet\Unity.VisualScripting.YamlDotNet.dll
Native extension for WindowsStandalone target not found
Native extension for iOS target not found
Native extension for Android target not found
Native extension for WebGL target not found
Refreshing native plugins compatible for Editor in 0.92 ms, found 10 plugins.
Preloading 0 native plugins for Editor in 0.00 ms.
Mono: successfully reloaded assembly
- Completed reload, in  1.231 seconds
Domain Reload Profiling:
	ReloadAssembly (1232ms)
		BeginReloadAssembly (287ms)
			ExecutionOrderSort (0ms)
			DisableScriptedObjects (5ms)
			BackupInstance (0ms)
			ReleaseScriptingObjects (0ms)
			CreateAndSetChildDomain (129ms)
		EndReloadAssembly (833ms)
			LoadAssemblies (138ms)
			RebuildTransferFunctionScriptingTraits (0ms)
			SetupTypeCache (267ms)
			ReleaseScriptCaches (1ms)
			RebuildScriptCaches (37ms)
			SetupLoadedEditorAssemblies (389ms)
				LogAssemblyErrors (0ms)
				InitializePlatformSupportModulesInManaged (29ms)
				SetLoadedEditorAssemblies (0ms)
				RefreshPlugins (1ms)
				BeforeProcessingInitializeOnLoad (96ms)
				ProcessInitializeOnLoadAttributes (235ms)
				ProcessInitializeOnLoadMethodAttributes (22ms)
				AfterProcessingInitializeOnLoad (5ms)
				EditorAssembliesLoaded (0ms)
			ExecutionOrderSort2 (0ms)
			AwakeInstancesAfterBackupRestoration (5ms)
Platform modules already initialized, skipping
Refreshing native plugins compatible for Editor in 6.68 ms, found 10 plugins.
Preloading 0 native plugins for Editor in 0.00 ms.
Unloading 4500 Unused Serialized files (Serialized files now loaded: 0)
Unloading 49 unused Assets / (130.1 KB). Loaded Objects now: 5011.
Memory consumption went from 159.5 MB to 159.3 MB.
Total: 3.829700 ms (FindLiveObjects: 0.306200 ms CreateObjectMapping: 0.151400 ms MarkObjects: 3.221900 ms  DeleteObjects: 0.149100 ms)

AssetImportParameters requested are different than current active one (requested -> active):
  custom:video-decoder-ogg-theora: a1e56fd34408186e4bbccfd4996cb3dc -> 
  custom:container-muxer-webm: aa71ff27fc2769a1b78a27578f13a17b -> 
  custom:container-demuxer-webm: 4f35f7cbe854078d1ac9338744f61a02 -> 
  custom:video-encoder-webm-vp8: eb34c28f22e8b96e1ab97ce403110664 -> 
  custom:video-codec-MediaFoundation-h265: 746d11721c4dcdbdad8f713fa42b33f4 -> 
  custom:audio-encoder-webm-vorbis: bf7c407c2cedff20999df2af8eb42d56 -> 
  custom:framework-win-MediaFoundation: 216162199b28c13a410421893ffa2e32 -> 
  custom:container-demuxer-ogg: 62fdf1f143b41e24485cea50d1cbac27 -> 
  custom:video-decoder-webm-vp8: 9c59270c3fd7afecdb556c50c9e8de78 -> 
  custom:audio-decoder-ogg-vorbis: bf7c407c2cedff20999df2af8eb42d56 -> 
========================================================================
Received Import Request.
  Time since last request: 1359.702184 seconds.
  path: Assets/Scripts/YatayPlaneTanıma.cs
  artifactKey: Guid(64ca3967397de6243bbb749317b67d5a) Importer(815301076,1909f56bfc062723c751e8b465ee728b)
Start importing Assets/Scripts/YatayPlaneTanıma.cs using Guid(64ca3967397de6243bbb749317b67d5a) Importer(815301076,1909f56bfc062723c751e8b465ee728b)  -> (artifact id: 'ac99e4d52140af6bcba429b302450313') in 1.497765 seconds 
========================================================================
Received Prepare
Registering precompiled user dll's ...
Registered in 0.074226 seconds.
Begin MonoManager ReloadAssembly
Symbol file LoadedFromMemory doesn't match image C:\unityproject\ARDeneme\Library\PackageCache\com.unity.visualscripting@1.7.8\Editor\VisualScripting.Core\Dependencies\DotNetZip\Unity.VisualScripting.IonicZip.dll
Symbol file LoadedFromMemory doesn't match image C:\unityproject\ARDeneme\Library\PackageCache\com.unity.visualscripting@1.7.8\Editor\VisualScripting.Core\Dependencies\YamlDotNet\Unity.VisualScripting.YamlDotNet.dll
Native extension for WindowsStandalone target not found
Native extension for iOS target not found
Native extension for Android target not found
Native extension for WebGL target not found
Refreshing native plugins compatible for Editor in 3.37 ms, found 10 plugins.
Preloading 0 native plugins for Editor in 0.00 ms.
Mono: successfully reloaded assembly
- Completed reload, in  5.528 seconds
Domain Reload Profiling:
	ReloadAssembly (5543ms)
		BeginReloadAssembly (2152ms)
			ExecutionOrderSort (2ms)
			DisableScriptedObjects (96ms)
			BackupInstance (0ms)
			ReleaseScriptingObjects (0ms)
			CreateAndSetChildDomain (1122ms)
		EndReloadAssembly (3076ms)
			LoadAssemblies (657ms)
			RebuildTransferFunctionScriptingTraits (5ms)
			SetupTypeCache (1333ms)
			ReleaseScriptCaches (8ms)
			RebuildScriptCaches (111ms)
			SetupLoadedEditorAssemblies (1045ms)
				LogAssemblyErrors (0ms)
				InitializePlatformSupportModulesInManaged (73ms)
				SetLoadedEditorAssemblies (2ms)
				RefreshPlugins (4ms)
				BeforeProcessingInitializeOnLoad (144ms)
				ProcessInitializeOnLoadAttributes (741ms)
				ProcessInitializeOnLoadMethodAttributes (55ms)
				AfterProcessingInitializeOnLoad (21ms)
				EditorAssembliesLoaded (4ms)
			ExecutionOrderSort2 (0ms)
			AwakeInstancesAfterBackupRestoration (25ms)
Platform modules already initialized, skipping
Refreshing native plugins compatible for Editor in 25.74 ms, found 10 plugins.
Preloading 0 native plugins for Editor in 0.00 ms.
Unloading 4501 Unused Serialized files (Serialized files now loaded: 0)
Unloading 46 unused Assets / (130.2 KB). Loaded Objects now: 5016.
Memory consumption went from 159.5 MB to 159.4 MB.
Total: 11.812100 ms (FindLiveObjects: 0.495300 ms CreateObjectMapping: 0.325700 ms MarkObjects: 10.631900 ms  DeleteObjects: 0.355600 ms)

AssetImportParameters requested are different than current active one (requested -> active):
  custom:video-decoder-ogg-theora: a1e56fd34408186e4bbccfd4996cb3dc -> 
  custom:container-muxer-webm: aa71ff27fc2769a1b78a27578f13a17b -> 
  custom:container-demuxer-webm: 4f35f7cbe854078d1ac9338744f61a02 -> 
  custom:video-encoder-webm-vp8: eb34c28f22e8b96e1ab97ce403110664 -> 
  custom:video-codec-MediaFoundation-h265: 746d11721c4dcdbdad8f713fa42b33f4 -> 
  custom:audio-encoder-webm-vorbis: bf7c407c2cedff20999df2af8eb42d56 -> 
  custom:framework-win-MediaFoundation: 216162199b28c13a410421893ffa2e32 -> 
  custom:container-demuxer-ogg: 62fdf1f143b41e24485cea50d1cbac27 -> 
  custom:video-decoder-webm-vp8: 9c59270c3fd7afecdb556c50c9e8de78 -> 
  custom:audio-decoder-ogg-vorbis: bf7c407c2cedff20999df2af8eb42d56 -> 
========================================================================
Received Prepare
Registering precompiled user dll's ...
Registered in 0.029357 seconds.
Begin MonoManager ReloadAssembly
Symbol file LoadedFromMemory doesn't match image C:\unityproject\ARDeneme\Library\PackageCache\com.unity.visualscripting@1.7.8\Editor\VisualScripting.Core\Dependencies\DotNetZip\Unity.VisualScripting.IonicZip.dll
Symbol file LoadedFromMemory doesn't match image C:\unityproject\ARDeneme\Library\PackageCache\com.unity.visualscripting@1.7.8\Editor\VisualScripting.Core\Dependencies\YamlDotNet\Unity.VisualScripting.YamlDotNet.dll
Native extension for WindowsStandalone target not found
Native extension for iOS target not found
Native extension for Android target not found
Native extension for WebGL target not found
Refreshing native plugins compatible for Editor in 3.11 ms, found 10 plugins.
Preloading 0 native plugins for Editor in 0.00 ms.
Mono: successfully reloaded assembly
- Completed reload, in  3.411 seconds
Domain Reload Profiling:
	ReloadAssembly (3420ms)
		BeginReloadAssembly (1422ms)
			ExecutionOrderSort (1ms)
			DisableScriptedObjects (66ms)
			BackupInstance (0ms)
			ReleaseScriptingObjects (0ms)
			CreateAndSetChildDomain (631ms)
		EndReloadAssembly (1778ms)
			LoadAssemblies (618ms)
			RebuildTransferFunctionScriptingTraits (1ms)
			SetupTypeCache (538ms)
			ReleaseScriptCaches (2ms)
			RebuildScriptCaches (53ms)
			SetupLoadedEditorAssemblies (720ms)
				LogAssemblyErrors (0ms)
				InitializePlatformSupportModulesInManaged (57ms)
				SetLoadedEditorAssemblies (2ms)
				RefreshPlugins (3ms)
				BeforeProcessingInitializeOnLoad (107ms)
				ProcessInitializeOnLoadAttributes (478ms)
				ProcessInitializeOnLoadMethodAttributes (62ms)
				AfterProcessingInitializeOnLoad (10ms)
				EditorAssembliesLoaded (0ms)
			ExecutionOrderSort2 (0ms)
			AwakeInstancesAfterBackupRestoration (15ms)
Platform modules already initialized, skipping
Refreshing native plugins compatible for Editor in 26.37 ms, found 10 plugins.
Preloading 0 native plugins for Editor in 0.00 ms.
Unloading 4501 Unused Serialized files (Serialized files now loaded: 0)
Unloading 46 unused Assets / (130.0 KB). Loaded Objects now: 5020.
Memory consumption went from 159.5 MB to 159.4 MB.
Total: 16.901600 ms (FindLiveObjects: 0.644800 ms CreateObjectMapping: 0.470800 ms MarkObjects: 14.462000 ms  DeleteObjects: 0.751200 ms)

AssetImportParameters requested are different than current active one (requested -> active):
  custom:video-decoder-ogg-theora: a1e56fd34408186e4bbccfd4996cb3dc -> 
  custom:container-muxer-webm: aa71ff27fc2769a1b78a27578f13a17b -> 
  custom:container-demuxer-webm: 4f35f7cbe854078d1ac9338744f61a02 -> 
  custom:video-encoder-webm-vp8: eb34c28f22e8b96e1ab97ce403110664 -> 
  custom:video-codec-MediaFoundation-h265: 746d11721c4dcdbdad8f713fa42b33f4 -> 
  custom:audio-encoder-webm-vorbis: bf7c407c2cedff20999df2af8eb42d56 -> 
  custom:framework-win-MediaFoundation: 216162199b28c13a410421893ffa2e32 -> 
  custom:container-demuxer-ogg: 62fdf1f143b41e24485cea50d1cbac27 -> 
  custom:video-decoder-webm-vp8: 9c59270c3fd7afecdb556c50c9e8de78 -> 
  custom:audio-decoder-ogg-vorbis: bf7c407c2cedff20999df2af8eb42d56 -> 
========================================================================
Received Import Request.
  Time since last request: 2868.414277 seconds.
  path: Assets/Scripts/UrünYerleştirme.cs
  artifactKey: Guid(cffd95e57fb37074a8cac4b0a87cb225) Importer(815301076,1909f56bfc062723c751e8b465ee728b)
Start importing Assets/Scripts/UrünYerleştirme.cs using Guid(cffd95e57fb37074a8cac4b0a87cb225) Importer(815301076,1909f56bfc062723c751e8b465ee728b)  -> (artifact id: '239d0378d10458645e9534e51c546ff2') in 0.060545 seconds 
========================================================================
Received Prepare
Registering precompiled user dll's ...
Registered in 0.009639 seconds.
Begin MonoManager ReloadAssembly
Symbol file LoadedFromMemory doesn't match image C:\unityproject\ARDeneme\Library\PackageCache\com.unity.visualscripting@1.7.8\Editor\VisualScripting.Core\Dependencies\DotNetZip\Unity.VisualScripting.IonicZip.dll
Symbol file LoadedFromMemory doesn't match image C:\unityproject\ARDeneme\Library\PackageCache\com.unity.visualscripting@1.7.8\Editor\VisualScripting.Core\Dependencies\YamlDotNet\Unity.VisualScripting.YamlDotNet.dll
Native extension for WindowsStandalone target not found
Native extension for iOS target not found
Native extension for Android target not found
Native extension for WebGL target not found
Refreshing native plugins compatible for Editor in 1.80 ms, found 10 plugins.
Preloading 0 native plugins for Editor in 0.00 ms.
Mono: successfully reloaded assembly
- Completed reload, in  2.929 seconds
Domain Reload Profiling:
	ReloadAssembly (2933ms)
		BeginReloadAssembly (1460ms)
			ExecutionOrderSort (0ms)
			DisableScriptedObjects (52ms)
			BackupInstance (0ms)
			ReleaseScriptingObjects (0ms)
			CreateAndSetChildDomain (875ms)
		EndReloadAssembly (1321ms)
			LoadAssemblies (309ms)
			RebuildTransferFunctionScriptingTraits (0ms)
			SetupTypeCache (486ms)
			ReleaseScriptCaches (2ms)
			RebuildScriptCaches (57ms)
			SetupLoadedEditorAssemblies (558ms)
				LogAssemblyErrors (0ms)
				InitializePlatformSupportModulesInManaged (60ms)
				SetLoadedEditorAssemblies (5ms)
				RefreshPlugins (2ms)
				BeforeProcessingInitializeOnLoad (106ms)
				ProcessInitializeOnLoadAttributes (343ms)
				ProcessInitializeOnLoadMethodAttributes (35ms)
				AfterProcessingInitializeOnLoad (8ms)
				EditorAssembliesLoaded (1ms)
			ExecutionOrderSort2 (0ms)
			AwakeInstancesAfterBackupRestoration (9ms)
Platform modules already initialized, skipping
Refreshing native plugins compatible for Editor in 23.26 ms, found 10 plugins.
Preloading 0 native plugins for Editor in 0.00 ms.
Unloading 4502 Unused Serialized files (Serialized files now loaded: 0)
Unloading 46 unused Assets / (130.3 KB). Loaded Objects now: 5025.
Memory consumption went from 159.5 MB to 159.4 MB.
Total: 6.908500 ms (FindLiveObjects: 0.503500 ms CreateObjectMapping: 0.194600 ms MarkObjects: 5.970500 ms  DeleteObjects: 0.238000 ms)

AssetImportParameters requested are different than current active one (requested -> active):
  custom:video-decoder-ogg-theora: a1e56fd34408186e4bbccfd4996cb3dc -> 
  custom:container-muxer-webm: aa71ff27fc2769a1b78a27578f13a17b -> 
  custom:container-demuxer-webm: 4f35f7cbe854078d1ac9338744f61a02 -> 
  custom:video-encoder-webm-vp8: eb34c28f22e8b96e1ab97ce403110664 -> 
  custom:video-codec-MediaFoundation-h265: 746d11721c4dcdbdad8f713fa42b33f4 -> 
  custom:audio-encoder-webm-vorbis: bf7c407c2cedff20999df2af8eb42d56 -> 
  custom:framework-win-MediaFoundation: 216162199b28c13a410421893ffa2e32 -> 
  custom:container-demuxer-ogg: 62fdf1f143b41e24485cea50d1cbac27 -> 
  custom:video-decoder-webm-vp8: 9c59270c3fd7afecdb556c50c9e8de78 -> 
  custom:audio-decoder-ogg-vorbis: bf7c407c2cedff20999df2af8eb42d56 -> 
========================================================================
Received Prepare
Registering precompiled user dll's ...
Registered in 0.020283 seconds.
Begin MonoManager ReloadAssembly
Symbol file LoadedFromMemory doesn't match image C:\unityproject\ARDeneme\Library\PackageCache\com.unity.visualscripting@1.7.8\Editor\VisualScripting.Core\Dependencies\DotNetZip\Unity.VisualScripting.IonicZip.dll
Symbol file LoadedFromMemory doesn't match image C:\unityproject\ARDeneme\Library\PackageCache\com.unity.visualscripting@1.7.8\Editor\VisualScripting.Core\Dependencies\YamlDotNet\Unity.VisualScripting.YamlDotNet.dll
Native extension for WindowsStandalone target not found
Native extension for iOS target not found
Native extension for Android target not found
Native extension for WebGL target not found
Refreshing native plugins compatible for Editor in 3.90 ms, found 10 plugins.
Preloading 0 native plugins for Editor in 0.00 ms.
Mono: successfully reloaded assembly
- Completed reload, in  3.759 seconds
Domain Reload Profiling:
	ReloadAssembly (3788ms)
		BeginReloadAssembly (1874ms)
			ExecutionOrderSort (2ms)
			DisableScriptedObjects (117ms)
			BackupInstance (0ms)
			ReleaseScriptingObjects (0ms)
			CreateAndSetChildDomain (922ms)
		EndReloadAssembly (1724ms)
			LoadAssemblies (450ms)
			RebuildTransferFunctionScriptingTraits (1ms)
			SetupTypeCache (488ms)
			ReleaseScriptCaches (4ms)
			RebuildScriptCaches (63ms)
			SetupLoadedEditorAssemblies (725ms)
				LogAssemblyErrors (0ms)
				InitializePlatformSupportModulesInManaged (66ms)
				SetLoadedEditorAssemblies (3ms)
				RefreshPlugins (4ms)
				BeforeProcessingInitializeOnLoad (153ms)
				ProcessInitializeOnLoadAttributes (449ms)
				ProcessInitializeOnLoadMethodAttributes (41ms)
				AfterProcessingInitializeOnLoad (7ms)
				EditorAssembliesLoaded (1ms)
			ExecutionOrderSort2 (0ms)
			AwakeInstancesAfterBackupRestoration (9ms)
Platform modules already initialized, skipping
Refreshing native plugins compatible for Editor in 22.06 ms, found 10 plugins.
Preloading 0 native plugins for Editor in 0.00 ms.
Unloading 4502 Unused Serialized files (Serialized files now loaded: 0)
Unloading 46 unused Assets / (130.1 KB). Loaded Objects now: 5029.
Memory consumption went from 159.6 MB to 159.4 MB.
Total: 7.753100 ms (FindLiveObjects: 0.562200 ms CreateObjectMapping: 0.314400 ms MarkObjects: 6.348800 ms  DeleteObjects: 0.524700 ms)

AssetImportParameters requested are different than current active one (requested -> active):
  custom:video-decoder-ogg-theora: a1e56fd34408186e4bbccfd4996cb3dc -> 
  custom:container-muxer-webm: aa71ff27fc2769a1b78a27578f13a17b -> 
  custom:container-demuxer-webm: 4f35f7cbe854078d1ac9338744f61a02 -> 
  custom:video-encoder-webm-vp8: eb34c28f22e8b96e1ab97ce403110664 -> 
  custom:video-codec-MediaFoundation-h265: 746d11721c4dcdbdad8f713fa42b33f4 -> 
  custom:audio-encoder-webm-vorbis: bf7c407c2cedff20999df2af8eb42d56 -> 
  custom:framework-win-MediaFoundation: 216162199b28c13a410421893ffa2e32 -> 
  custom:container-demuxer-ogg: 62fdf1f143b41e24485cea50d1cbac27 -> 
  custom:video-decoder-webm-vp8: 9c59270c3fd7afecdb556c50c9e8de78 -> 
  custom:audio-decoder-ogg-vorbis: bf7c407c2cedff20999df2af8eb42d56 -> 
========================================================================
Received Import Request.
  Time since last request: 1342.061259 seconds.
  path: Assets/Scripts/Dokunma.cs
  artifactKey: Guid(2fa3b955974f9574e9ced97e92be4aa9) Importer(815301076,1909f56bfc062723c751e8b465ee728b)
Start importing Assets/Scripts/Dokunma.cs using Guid(2fa3b955974f9574e9ced97e92be4aa9) Importer(815301076,1909f56bfc062723c751e8b465ee728b)  -> (artifact id: 'ae1f0e23d1e96397cf48da08e070436d') in 0.028599 seconds 
========================================================================
Received Prepare
Registering precompiled user dll's ...
Registered in 0.010762 seconds.
Begin MonoManager ReloadAssembly
Symbol file LoadedFromMemory doesn't match image C:\unityproject\ARDeneme\Library\PackageCache\com.unity.visualscripting@1.7.8\Editor\VisualScripting.Core\Dependencies\DotNetZip\Unity.VisualScripting.IonicZip.dll
Symbol file LoadedFromMemory doesn't match image C:\unityproject\ARDeneme\Library\PackageCache\com.unity.visualscripting@1.7.8\Editor\VisualScripting.Core\Dependencies\YamlDotNet\Unity.VisualScripting.YamlDotNet.dll
Native extension for WindowsStandalone target not found
Native extension for iOS target not found
Native extension for Android target not found
Native extension for WebGL target not found
Refreshing native plugins compatible for Editor in 1.22 ms, found 10 plugins.
Preloading 0 native plugins for Editor in 0.00 ms.
Mono: successfully reloaded assembly
- Completed reload, in  4.721 seconds
Domain Reload Profiling:
	ReloadAssembly (4739ms)
		BeginReloadAssembly (3028ms)
			ExecutionOrderSort (0ms)
			DisableScriptedObjects (187ms)
			BackupInstance (0ms)
			ReleaseScriptingObjects (0ms)
			CreateAndSetChildDomain (1583ms)
		EndReloadAssembly (1481ms)
			LoadAssemblies (312ms)
			RebuildTransferFunctionScriptingTraits (0ms)
			SetupTypeCache (547ms)
			ReleaseScriptCaches (3ms)
			RebuildScriptCaches (54ms)
			SetupLoadedEditorAssemblies (607ms)
				LogAssemblyErrors (0ms)
				InitializePlatformSupportModulesInManaged (65ms)
				SetLoadedEditorAssemblies (1ms)
				RefreshPlugins (1ms)
				BeforeProcessingInitializeOnLoad (117ms)
				ProcessInitializeOnLoadAttributes (382ms)
				ProcessInitializeOnLoadMethodAttributes (34ms)
				AfterProcessingInitializeOnLoad (6ms)
				EditorAssembliesLoaded (0ms)
			ExecutionOrderSort2 (0ms)
			AwakeInstancesAfterBackupRestoration (8ms)
Platform modules already initialized, skipping
Refreshing native plugins compatible for Editor in 61.57 ms, found 10 plugins.
Preloading 0 native plugins for Editor in 0.00 ms.
Unloading 4503 Unused Serialized files (Serialized files now loaded: 0)
Unloading 46 unused Assets / (130.1 KB). Loaded Objects now: 5034.
Memory consumption went from 159.6 MB to 159.5 MB.
Total: 13.333800 ms (FindLiveObjects: 0.467700 ms CreateObjectMapping: 0.333900 ms MarkObjects: 7.801300 ms  DeleteObjects: 4.728700 ms)

AssetImportParameters requested are different than current active one (requested -> active):
  custom:video-decoder-ogg-theora: a1e56fd34408186e4bbccfd4996cb3dc -> 
  custom:container-muxer-webm: aa71ff27fc2769a1b78a27578f13a17b -> 
  custom:container-demuxer-webm: 4f35f7cbe854078d1ac9338744f61a02 -> 
  custom:video-encoder-webm-vp8: eb34c28f22e8b96e1ab97ce403110664 -> 
  custom:video-codec-MediaFoundation-h265: 746d11721c4dcdbdad8f713fa42b33f4 -> 
  custom:audio-encoder-webm-vorbis: bf7c407c2cedff20999df2af8eb42d56 -> 
  custom:framework-win-MediaFoundation: 216162199b28c13a410421893ffa2e32 -> 
  custom:container-demuxer-ogg: 62fdf1f143b41e24485cea50d1cbac27 -> 
  custom:video-decoder-webm-vp8: 9c59270c3fd7afecdb556c50c9e8de78 -> 
  custom:audio-decoder-ogg-vorbis: bf7c407c2cedff20999df2af8eb42d56 -> 
========================================================================
Received Prepare
Registering precompiled user dll's ...
Registered in 0.017961 seconds.
Begin MonoManager ReloadAssembly
Symbol file LoadedFromMemory doesn't match image C:\unityproject\ARDeneme\Library\PackageCache\com.unity.visualscripting@1.7.8\Editor\VisualScripting.Core\Dependencies\DotNetZip\Unity.VisualScripting.IonicZip.dll
Symbol file LoadedFromMemory doesn't match image C:\unityproject\ARDeneme\Library\PackageCache\com.unity.visualscripting@1.7.8\Editor\VisualScripting.Core\Dependencies\YamlDotNet\Unity.VisualScripting.YamlDotNet.dll
Native extension for WindowsStandalone target not found
Native extension for iOS target not found
Native extension for Android target not found
Native extension for WebGL target not found
Refreshing native plugins compatible for Editor in 2.15 ms, found 10 plugins.
Preloading 0 native plugins for Editor in 0.00 ms.
Mono: successfully reloaded assembly
- Completed reload, in  3.665 seconds
Domain Reload Profiling:
	ReloadAssembly (3678ms)
		BeginReloadAssembly (1796ms)
			ExecutionOrderSort (0ms)
			DisableScriptedObjects (82ms)
			BackupInstance (0ms)
			ReleaseScriptingObjects (0ms)
			CreateAndSetChildDomain (882ms)
		EndReloadAssembly (1723ms)
			LoadAssemblies (555ms)
			RebuildTransferFunctionScriptingTraits (1ms)
			SetupTypeCache (554ms)
			ReleaseScriptCaches (3ms)
			RebuildScriptCaches (53ms)
			SetupLoadedEditorAssemblies (708ms)
				LogAssemblyErrors (0ms)
				InitializePlatformSupportModulesInManaged (59ms)
				SetLoadedEditorAssemblies (3ms)
				RefreshPlugins (2ms)
				BeforeProcessingInitializeOnLoad (121ms)
				ProcessInitializeOnLoadAttributes (477ms)
				ProcessInitializeOnLoadMethodAttributes (37ms)
				AfterProcessingInitializeOnLoad (7ms)
				EditorAssembliesLoaded (1ms)
			ExecutionOrderSort2 (0ms)
			AwakeInstancesAfterBackupRestoration (7ms)
Platform modules already initialized, skipping
Refreshing native plugins compatible for Editor in 28.69 ms, found 10 plugins.
Preloading 0 native plugins for Editor in 0.00 ms.
Unloading 4503 Unused Serialized files (Serialized files now loaded: 0)
Unloading 46 unused Assets / (130.3 KB). Loaded Objects now: 5038.
Memory consumption went from 159.6 MB to 159.5 MB.
Total: 13.109300 ms (FindLiveObjects: 0.438800 ms CreateObjectMapping: 0.239000 ms MarkObjects: 11.501100 ms  DeleteObjects: 0.523600 ms)

AssetImportParameters requested are different than current active one (requested -> active):
  custom:video-decoder-ogg-theora: a1e56fd34408186e4bbccfd4996cb3dc -> 
  custom:container-muxer-webm: aa71ff27fc2769a1b78a27578f13a17b -> 
  custom:container-demuxer-webm: 4f35f7cbe854078d1ac9338744f61a02 -> 
  custom:video-encoder-webm-vp8: eb34c28f22e8b96e1ab97ce403110664 -> 
  custom:video-codec-MediaFoundation-h265: 746d11721c4dcdbdad8f713fa42b33f4 -> 
  custom:audio-encoder-webm-vorbis: bf7c407c2cedff20999df2af8eb42d56 -> 
  custom:framework-win-MediaFoundation: 216162199b28c13a410421893ffa2e32 -> 
  custom:container-demuxer-ogg: 62fdf1f143b41e24485cea50d1cbac27 -> 
  custom:video-decoder-webm-vp8: 9c59270c3fd7afecdb556c50c9e8de78 -> 
  custom:audio-decoder-ogg-vorbis: bf7c407c2cedff20999df2af8eb42d56 -> 
